<?xml version="1.0" encoding="UTF-8"?>
<!-- Generated by org.testng.reporters.JUnitReportReporter -->
<testsuite hostname="ip-172-31-19-48" failures="0" tests="1" name="restassured.Flight_booking" time="1.806" errors="0" timestamp="2023-07-26T06:19:12 UTC" skipped="0">
  <testcase classname="restassured.Flight_booking" name="Flyawaya" time="1.806"/>
</testsuite> <!-- restassured.Flight_booking -->
