<?xml version="1.0" encoding="UTF-8"?>
<!-- Generated by org.testng.reporters.JUnitReportReporter -->
<testsuite hostname="ip-172-31-19-48" failures="0" tests="1" name="restassured.Booking_conformation" time="1.492" errors="0" timestamp="2023-07-26T06:12:43 UTC" skipped="0">
  <testcase classname="restassured.Booking_conformation" name="Flyawaya1" time="1.492"/>
</testsuite> <!-- restassured.Booking_conformation -->
